tailing kafka queue at  localhost:9092  topic:  memex-datawake-lookahead
waiting for message...
NEW URL:
	TIMESTAMP:  1411669514
	URL:  http://www.sa-meetings.com/memex
waiting for message...
NEW URL:
	TIMESTAMP:  1411669514
	URL:  http://twitter.com/darpa
	phone :  7
	domain hits:  0   0:00:00.005096
	website :  68
	domain hits:  0   0:00:00.004022
waiting for message...
NEW URL:
	TIMESTAMP:  1411669514
	URL:  http://www.theatlantic.com/
	email :  3
	domain hits:  0   0:00:00.002587
	website :  117
	domain hits:  0   0:00:00.007694
waiting for message...
NEW URL:
	TIMESTAMP:  1411669514
	URL:  http://www.theatlantic.com/magazine/archive/1945/07/as-we-may-think/303881/?single_page=true
	email :  3
	domain hits:  0   0:00:00.003046
	website :  102
	domain hits:  0   0:00:00.004786
waiting for message...
NEW URL:
	TIMESTAMP:  1411669514
	URL:  http://www.facebook.com/darpa
	phone :  2
	domain hits:  0   0:00:00.002464
	website :  20
	domain hits:  0   0:00:00.001167
waiting for message...
NEW URL:
	TIMESTAMP:  1411669514
	URL:  http://www.youtube.com/darpatv
	phone :  1
	domain hits:  0   0:00:00.002493
	website :  15
	domain hits:  0   0:00:00.001159
waiting for message...
URL in Cache. Skipping lookup
	URL:  http://www.sa-meetings.com/memex
waiting for message...
URL in Cache. Skipping lookup
	URL:  http://twitter.com/darpa
waiting for message...
URL in Cache. Skipping lookup
	URL:  http://www.theatlantic.com/
waiting for message...
URL in Cache. Skipping lookup
	URL:  http://www.theatlantic.com/magazine/archive/1945/07/as-we-may-think/303881/?single_page=true
waiting for message...
URL in Cache. Skipping lookup
	URL:  http://www.facebook.com/darpa
waiting for message...
URL in Cache. Skipping lookup
	URL:  http://www.youtube.com/darpatv
waiting for message...
URL in Cache. Skipping lookup
	URL:  http://twitter.com/darpa
waiting for message...
URL in Cache. Skipping lookup
	URL:  http://www.theatlantic.com/
waiting for message...
URL in Cache. Skipping lookup
	URL:  http://www.theatlantic.com/magazine/archive/1945/07/as-we-may-think/303881/?single_page=true
waiting for message...
URL in Cache. Skipping lookup
	URL:  http://www.facebook.com/darpa
waiting for message...
URL in Cache. Skipping lookup
	URL:  http://www.sa-meetings.com/memex
waiting for message...
URL in Cache. Skipping lookup
	URL:  http://www.youtube.com/darpatv
waiting for message...
URL in Cache. Skipping lookup
	URL:  http://twitter.com/darpa
waiting for message...
URL in Cache. Skipping lookup
	URL:  http://www.theatlantic.com/
waiting for message...
URL in Cache. Skipping lookup
	URL:  http://www.theatlantic.com/magazine/archive/1945/07/as-we-may-think/303881/?single_page=true
waiting for message...
URL in Cache. Skipping lookup
	URL:  http://www.facebook.com/darpa
waiting for message...
URL in Cache. Skipping lookup
	URL:  http://www.sa-meetings.com/memex
waiting for message...
URL in Cache. Skipping lookup
	URL:  http://www.youtube.com/darpatv
waiting for message...
URL in Cache. Skipping lookup
	URL:  http://www.sa-meetings.com/memex
waiting for message...
URL in Cache. Skipping lookup
	URL:  http://twitter.com/darpa
waiting for message...
URL in Cache. Skipping lookup
	URL:  http://www.theatlantic.com/
waiting for message...
URL in Cache. Skipping lookup
	URL:  http://www.theatlantic.com/magazine/archive/1945/07/as-we-may-think/303881/?single_page=true
waiting for message...
URL in Cache. Skipping lookup
	URL:  http://www.facebook.com/darpa
waiting for message...
URL in Cache. Skipping lookup
	URL:  http://www.youtube.com/darpatv
